[2025-06-16 02:26:02] Starting robust Souper setup...
[2025-06-16 02:26:02] Project root: /mnt/c/Users/matth/Documents/Repos/Beat.zig
[2025-06-16 02:26:02] Third party dir: /mnt/c/Users/matth/Documents/Repos/Beat.zig/third_party/souper
[2025-06-16 02:26:02] Artifacts dir: /mnt/c/Users/matth/Documents/Repos/Beat.zig/artifacts/souper
[2025-06-16 02:26:02] Starting: setup_directories
[2025-06-16 02:26:02] Setting up directory structure...
[2025-06-16 02:26:02] Installing hiredis dependency...
[2025-06-16 02:26:02] Building hiredis from source...
[2025-06-16 02:26:27] Starting robust Souper setup...
[2025-06-16 02:26:27] Project root: /mnt/c/Users/matth/Documents/Repos/Beat.zig
[2025-06-16 02:26:27] Third party dir: /mnt/c/Users/matth/Documents/Repos/Beat.zig/third_party/souper
[2025-06-16 02:26:27] Artifacts dir: /mnt/c/Users/matth/Documents/Repos/Beat.zig/artifacts/souper
[2025-06-16 02:26:27] Starting: setup_directories
[2025-06-16 02:26:27] Setting up directory structure...
[2025-06-16 02:26:27] Installing hiredis dependency...
[2025-06-16 02:26:27] Building hiredis from source...
[2025-06-16 02:27:06] Cleaning checkpoints and starting fresh...
[2025-06-16 02:27:06] Starting robust Souper setup...
[2025-06-16 02:27:06] Project root: /mnt/c/Users/matth/Documents/Repos/Beat.zig
[2025-06-16 02:27:06] Third party dir: /mnt/c/Users/matth/Documents/Repos/Beat.zig/third_party/souper
[2025-06-16 02:27:06] Artifacts dir: /mnt/c/Users/matth/Documents/Repos/Beat.zig/artifacts/souper
[2025-06-16 02:27:06] Starting: setup_directories
[2025-06-16 02:27:06] Setting up directory structure...
[2025-06-16 02:27:06] Installing hiredis dependency...
[2025-06-16 02:27:06] Note: Skipping system package install (no sudo). Building from source...
[2025-06-16 02:27:06] Building hiredis from source...
[2025-06-16 02:27:26] Resuming setup from checkpoints...
[2025-06-16 02:27:26] Starting robust Souper setup...
[2025-06-16 02:27:26] Project root: /mnt/c/Users/matth/Documents/Repos/Beat.zig
[2025-06-16 02:27:26] Third party dir: /mnt/c/Users/matth/Documents/Repos/Beat.zig/third_party/souper
[2025-06-16 02:27:26] Artifacts dir: /mnt/c/Users/matth/Documents/Repos/Beat.zig/artifacts/souper
[2025-06-16 02:27:26] Starting: setup_directories
[2025-06-16 02:27:26] Setting up directory structure...
[2025-06-16 02:27:26] Installing hiredis dependency...
[2025-06-16 02:27:26] Note: Skipping system package install (no sudo). Building from source...
[2025-06-16 02:27:26] Building hiredis from source...
[2025-06-16 02:27:30] Checkpoint created: setup_directories
[2025-06-16 02:27:30] Starting: clone_repositories
[2025-06-16 02:27:30] Cloning Souper repository...
[2025-06-16 02:27:39] Initializing submodules...
[2025-06-16 02:27:40] Checkpoint created: clone_repositories
[2025-06-16 02:27:40] Starting: build_z3
[2025-06-16 02:27:40] Building Z3 SMT solver...
[2025-06-16 02:27:40] ERROR: Z3 source not found in souper submodules
[2025-06-16 02:30:13] Cleaning checkpoints and starting fresh...
[2025-06-16 02:30:13] Starting robust Souper setup...
[2025-06-16 02:30:13] Project root: /mnt/c/Users/matth/Documents/Repos/Beat.zig
[2025-06-16 02:30:13] Third party dir: /mnt/c/Users/matth/Documents/Repos/Beat.zig/third_party/souper
[2025-06-16 02:30:13] Artifacts dir: /mnt/c/Users/matth/Documents/Repos/Beat.zig/artifacts/souper
[2025-06-16 02:30:13] Starting: setup_directories
[2025-06-16 02:30:13] Setting up directory structure...
[2025-06-16 02:30:13] Installing hiredis dependency...
[2025-06-16 02:30:13] Note: Skipping system package install (no sudo). Building from source...
[2025-06-16 02:30:13] Building hiredis from source...
[2025-06-16 02:31:26] Resuming setup from checkpoints...
[2025-06-16 02:31:26] Starting robust Souper setup...
[2025-06-16 02:31:26] Project root: /mnt/c/Users/matth/Documents/Repos/Beat.zig
[2025-06-16 02:31:26] Third party dir: /mnt/c/Users/matth/Documents/Repos/Beat.zig/third_party/souper
[2025-06-16 02:31:26] Artifacts dir: /mnt/c/Users/matth/Documents/Repos/Beat.zig/artifacts/souper
[2025-06-16 02:31:26] Starting: setup_directories
[2025-06-16 02:31:26] Setting up directory structure...
[2025-06-16 02:31:26] Installing hiredis dependency...
[2025-06-16 02:31:26] Note: Skipping system package install (no sudo). Building from source...
[2025-06-16 02:31:26] Building hiredis from source...
[2025-06-16 02:31:32] Checkpoint created: setup_directories
[2025-06-16 02:31:32] Starting: clone_repositories
[2025-06-16 02:31:32] Cloning Souper repository...
[2025-06-16 02:31:32] Initializing submodules...
[2025-06-16 02:31:33] Checkpoint created: clone_repositories
[2025-06-16 02:31:33] Starting: build_dependencies
[2025-06-16 02:31:33] Building Souper dependencies using build_deps.sh...
[2025-06-16 02:31:33] Running Souper's build_deps.sh script (this will take 60-120 minutes)...
[2025-06-16 03:50:01] Resuming setup from checkpoints...
[2025-06-16 03:50:01] Starting robust Souper setup...
[2025-06-16 03:50:01] Project root: /mnt/c/Users/matth/Documents/Repos/Beat.zig
[2025-06-16 03:50:01] Third party dir: /mnt/c/Users/matth/Documents/Repos/Beat.zig/third_party/souper
[2025-06-16 03:50:01] Artifacts dir: /mnt/c/Users/matth/Documents/Repos/Beat.zig/artifacts/souper
[2025-06-16 03:50:01] Resuming: setup_directories already completed, skipping...
[2025-06-16 03:50:01] Resuming: clone_repositories already completed, skipping...
[2025-06-16 03:50:01] Starting: build_dependencies
[2025-06-16 03:50:01] Building Souper dependencies using build_deps.sh...
[2025-06-16 03:50:01] Souper dependencies already built
[2025-06-16 03:50:01] Checkpoint created: build_dependencies
[2025-06-16 03:50:01] Starting: build_souper
[2025-06-16 03:50:01] Building Souper...
[2025-06-16 03:50:07] ERROR: Souper configuration failed
